<!DOCTYPE html PUBLIC "-//W3C//DTD XHTML 1.1//EN" "http://www.w3.org/TR/xhtml11/DTD/xhtml11.dtd">
<html xmlns="http://www.w3.org/1999/xhtml"><head><title>TestNG Report</title><style type="text/css">table {margin-bottom:10px;border-collapse:collapse;empty-cells:show}th,td {border:1px solid #009;padding:.25em .5em}th {vertical-align:bottom}td {vertical-align:top}table a {font-weight:bold}.stripe td {background-color: #E6EBF9}.num {text-align:right}.passedodd td {background-color: #3F3}.passedeven td {background-color: #0A0}.skippedodd td {background-color: #DDD}.skippedeven td {background-color: #CCC}.failedodd td,.attn {background-color: #F33}.failedeven td,.stripe .attn {background-color: #D00}.stacktrace {white-space:pre;font-family:monospace}.totop {font-size:85%;text-align:center;border-bottom:2px solid #000}</style></head><body><table><tr><th>Test</th><th># Passed</th><th># Skipped</th><th># Failed</th><th>Time (ms)</th><th>Included Groups</th><th>Excluded Groups</th></tr><tr><th colspan="7">Order Intent Pizza Test</th></tr><tr><td><a href="#t0">Test in Chrome</a></td><td class="num">5</td><td class="num">0</td><td class="num">0</td><td class="num">63,342</td><td></td><td></td></tr><tr class="stripe"><td><a href="#t1">Test in IE</a></td><td class="num">3</td><td class="num">0</td><td class="num attn">2</td><td class="num">87,461</td><td></td><td></td></tr><tr><td><a href="#t2">Test in FF</a></td><td class="num">5</td><td class="num">0</td><td class="num">0</td><td class="num">94,094</td><td></td><td></td></tr><tr><th>Total</th><th class="num">13</th><th class="num">0</th><th class="num attn">2</th><th class="num">244,897</th><th colspan="2"></th></tr></table><table><thead><tr><th>Class</th><th>Method</th><th>Start</th><th>Time (ms)</th></tr></thead><tbody><tr><th colspan="4">Order Intent Pizza Test</th></tr></tbody><tbody id="t0"><tr><th colspan="4">Test in Chrome &#8212; passed</th></tr><tr class="passedeven"><td rowspan="5">net.intentmedia.internal.pizzaintent.tests.TestOrderPizza</td><td><a href="#m0">AccountPageClickToOrderPizzaTest</a></td><td rowspan="1">1424382646604</td><td rowspan="1">4145</td></tr><tr class="passedeven"><td><a href="#m1">LoginTest</a></td><td rowspan="1">1424382635656</td><td rowspan="1">4262</td></tr><tr class="passedeven"><td><a href="#m2">NewPizzaOrderTest</a></td><td rowspan="1">1424382657604</td><td rowspan="1">6452</td></tr><tr class="passedeven"><td><a href="#m3">OrderConfirmPizzaTest</a></td><td rowspan="1">1424382684306</td><td rowspan="1">7733</td></tr><tr class="passedeven"><td><a href="#m4">OrderSummaryPizzaTest</a></td><td rowspan="1">1424382669072</td><td rowspan="1">9112</td></tr></tbody><tbody id="t1"><tr><th colspan="4">Test in IE &#8212; failed</th></tr><tr class="failedeven"><td rowspan="2">net.intentmedia.internal.pizzaintent.tests.TestOrderPizza</td><td><a href="#m5">OrderConfirmPizzaTest</a></td><td rowspan="1">1424382696897</td><td rowspan="1">20808</td></tr><tr class="failedeven"><td><a href="#m6">OrderSummaryPizzaTest</a></td><td rowspan="1">1424382677819</td><td rowspan="1">14967</td></tr><tr><th colspan="4">Test in IE &#8212; passed</th></tr><tr class="passedeven"><td rowspan="3">net.intentmedia.internal.pizzaintent.tests.TestOrderPizza</td><td><a href="#m7">AccountPageClickToOrderPizzaTest</a></td><td rowspan="1">1424382648535</td><td rowspan="1">6669</td></tr><tr class="passedeven"><td><a href="#m8">LoginTest</a></td><td rowspan="1">1424382635925</td><td rowspan="1">5135</td></tr><tr class="passedeven"><td><a href="#m9">NewPizzaOrderTest</a></td><td rowspan="1">1424382661068</td><td rowspan="1">12436</td></tr></tbody><tbody id="t2"><tr><th colspan="4">Test in FF &#8212; passed</th></tr><tr class="passedeven"><td rowspan="5">net.intentmedia.internal.pizzaintent.tests.TestOrderPizza</td><td><a href="#m10">AccountPageClickToOrderPizzaTest</a></td><td rowspan="1">1424382665458</td><td rowspan="1">5458</td></tr><tr class="passedeven"><td><a href="#m11">LoginTest</a></td><td rowspan="1">1424382647100</td><td rowspan="1">3708</td></tr><tr class="passedeven"><td><a href="#m12">NewPizzaOrderTest</a></td><td rowspan="1">1424382685093</td><td rowspan="1">7152</td></tr><tr class="passedeven"><td><a href="#m13">OrderConfirmPizzaTest</a></td><td rowspan="1">1424382718360</td><td rowspan="1">6632</td></tr><tr class="passedeven"><td><a href="#m14">OrderSummaryPizzaTest</a></td><td rowspan="1">1424382703072</td><td rowspan="1">6931</td></tr></tbody></table><h2>Test in Chrome</h2><h3 id="m0">net.intentmedia.internal.pizzaintent.tests.TestOrderPizza#AccountPageClickToOrderPizzaTest</h3><table class="result"></table><p class="totop"><a href="#summary">back to summary</a></p><h3 id="m1">net.intentmedia.internal.pizzaintent.tests.TestOrderPizza#LoginTest</h3><table class="result"></table><p class="totop"><a href="#summary">back to summary</a></p><h3 id="m2">net.intentmedia.internal.pizzaintent.tests.TestOrderPizza#NewPizzaOrderTest</h3><table class="result"></table><p class="totop"><a href="#summary">back to summary</a></p><h3 id="m3">net.intentmedia.internal.pizzaintent.tests.TestOrderPizza#OrderConfirmPizzaTest</h3><table class="result"></table><p class="totop"><a href="#summary">back to summary</a></p><h3 id="m4">net.intentmedia.internal.pizzaintent.tests.TestOrderPizza#OrderSummaryPizzaTest</h3><table class="result"></table><p class="totop"><a href="#summary">back to summary</a></p><h2>Test in IE</h2><h3 id="m5">net.intentmedia.internal.pizzaintent.tests.TestOrderPizza#OrderConfirmPizzaTest</h3><table class="result"><tr><th>Exception</th></tr><tr><td><div class="stacktrace">org.openqa.selenium.NoSuchElementException: Unable to find element with id == pizza_name (WARNING: The server did not provide any stacktrace information)
Command duration or timeout: 10.01 seconds
For documentation on this error, please visit: http://seleniumhq.org/exceptions/no_such_element.html
Build info: version: &apos;2.44.0&apos;, revision: &apos;76d78cf&apos;, time: &apos;2014-10-23 20:03:00&apos;
System info: host: &apos;Aspire&apos;, ip: &apos;68.194.81.240&apos;, os.name: &apos;Windows 7&apos;, os.arch: &apos;amd64&apos;, os.version: &apos;6.1&apos;, java.version: &apos;1.6.0_25&apos;
Session ID: 81f65e98-dfb6-4fe9-8d4f-b142e0108834
Driver info: org.openqa.selenium.ie.InternetExplorerDriver
Capabilities [{platform=WINDOWS, javascriptEnabled=true, elementScrollBehavior=0, enablePersistentHover=true, ignoreZoomSetting=false, ie.ensureCleanSession=false, browserName=internet explorer, enableElementCacheCleanup=true, unexpectedAlertBehaviour=dismiss, version=9, ie.usePerProcessProxy=false, cssSelectorsEnabled=true, ignoreProtectedModeSettings=true, requireWindowFocus=false, initialBrowserUrl=http://localhost:28081/, handlesAlerts=true, ie.forceCreateProcessApi=false, nativeEvents=true, browserAttachTimeout=0, ie.browserCommandLineSwitches=, takesScreenshot=true}]
	at sun.reflect.NativeConstructorAccessorImpl.newInstance0(Native Method)
	at sun.reflect.NativeConstructorAccessorImpl.newInstance(Unknown Source)
	at sun.reflect.DelegatingConstructorAccessorImpl.newInstance(Unknown Source)
	at java.lang.reflect.Constructor.newInstance(Unknown Source)
	at org.openqa.selenium.remote.ErrorHandler.createThrowable(ErrorHandler.java:204)
	at org.openqa.selenium.remote.ErrorHandler.throwIfResponseFailed(ErrorHandler.java:156)
	at org.openqa.selenium.remote.RemoteWebDriver.execute(RemoteWebDriver.java:599)
	at org.openqa.selenium.remote.RemoteWebDriver.findElement(RemoteWebDriver.java:352)
	at org.openqa.selenium.remote.RemoteWebDriver.findElementById(RemoteWebDriver.java:393)
	at org.openqa.selenium.By$ById.findElement(By.java:214)
	at org.openqa.selenium.remote.RemoteWebDriver.findElement(RemoteWebDriver.java:344)
	at org.openqa.selenium.support.pagefactory.DefaultElementLocator.findElement(DefaultElementLocator.java:59)
	at org.openqa.selenium.support.pagefactory.internal.LocatingElementHandler.invoke(LocatingElementHandler.java:37)
	at $Proxy10.sendKeys(Unknown Source)
	at net.intentmedia.internal.pizzaintent.pageobject.IntentPizzaNewPizzaOrderPageObject.CreateNewPizza(IntentPizzaNewPizzaOrderPageObject.java:28)
	at net.intentmedia.internal.pizzaintent.tests.TestOrderPizza.OrderConfirmPizzaTest(TestOrderPizza.java:91)
	at sun.reflect.NativeMethodAccessorImpl.invoke0(Native Method)
	at sun.reflect.NativeMethodAccessorImpl.invoke(Unknown Source)
	at sun.reflect.DelegatingMethodAccessorImpl.invoke(Unknown Source)
	at java.lang.reflect.Method.invoke(Unknown Source)
	at org.testng.internal.MethodInvocationHelper.invokeMethod(MethodInvocationHelper.java:84)
	at org.testng.internal.Invoker.invokeMethod(Invoker.java:714)
	at org.testng.internal.Invoker.invokeTestMethod(Invoker.java:901)
	at org.testng.internal.Invoker.invokeTestMethods(Invoker.java:1231)
	at org.testng.internal.TestMethodWorker.invokeTestMethods(TestMethodWorker.java:127)
	at org.testng.internal.TestMethodWorker.run(TestMethodWorker.java:111)
	at org.testng.TestRunner.privateRun(TestRunner.java:767)
	at org.testng.TestRunner.run(TestRunner.java:617)
	at org.testng.SuiteRunner.runTest(SuiteRunner.java:334)
	at org.testng.SuiteRunner.access$000(SuiteRunner.java:37)
	at org.testng.SuiteRunner$SuiteWorker.run(SuiteRunner.java:368)
	at org.testng.internal.thread.ThreadUtil$2.call(ThreadUtil.java:64)
	at java.util.concurrent.FutureTask$Sync.innerRun(Unknown Source)
	at java.util.concurrent.FutureTask.run(Unknown Source)
	at java.util.concurrent.ThreadPoolExecutor$Worker.runTask(Unknown Source)
	at java.util.concurrent.ThreadPoolExecutor$Worker.run(Unknown Source)
	at java.lang.Thread.run(Unknown Source)
</div></td></tr></table><p class="totop"><a href="#summary">back to summary</a></p><h3 id="m6">net.intentmedia.internal.pizzaintent.tests.TestOrderPizza#OrderSummaryPizzaTest</h3><table class="result"><tr><th>Exception</th></tr><tr><td><div class="stacktrace">org.openqa.selenium.NoSuchElementException: Unable to find element with link text == Order a pizza (WARNING: The server did not provide any stacktrace information)
Command duration or timeout: 10.21 seconds
For documentation on this error, please visit: http://seleniumhq.org/exceptions/no_such_element.html
Build info: version: &apos;2.44.0&apos;, revision: &apos;76d78cf&apos;, time: &apos;2014-10-23 20:03:00&apos;
System info: host: &apos;Aspire&apos;, ip: &apos;68.194.81.240&apos;, os.name: &apos;Windows 7&apos;, os.arch: &apos;amd64&apos;, os.version: &apos;6.1&apos;, java.version: &apos;1.6.0_25&apos;
Session ID: 4169c514-62ce-40b3-a99f-2b07cced65e6
Driver info: org.openqa.selenium.ie.InternetExplorerDriver
Capabilities [{platform=WINDOWS, javascriptEnabled=true, elementScrollBehavior=0, enablePersistentHover=true, ignoreZoomSetting=false, ie.ensureCleanSession=false, browserName=internet explorer, enableElementCacheCleanup=true, unexpectedAlertBehaviour=dismiss, version=9, ie.usePerProcessProxy=false, cssSelectorsEnabled=true, ignoreProtectedModeSettings=true, requireWindowFocus=false, initialBrowserUrl=http://localhost:21293/, handlesAlerts=true, ie.forceCreateProcessApi=false, nativeEvents=true, browserAttachTimeout=0, ie.browserCommandLineSwitches=, takesScreenshot=true}]
	at sun.reflect.NativeConstructorAccessorImpl.newInstance0(Native Method)
	at sun.reflect.NativeConstructorAccessorImpl.newInstance(Unknown Source)
	at sun.reflect.DelegatingConstructorAccessorImpl.newInstance(Unknown Source)
	at java.lang.reflect.Constructor.newInstance(Unknown Source)
	at org.openqa.selenium.remote.ErrorHandler.createThrowable(ErrorHandler.java:204)
	at org.openqa.selenium.remote.ErrorHandler.throwIfResponseFailed(ErrorHandler.java:156)
	at org.openqa.selenium.remote.RemoteWebDriver.execute(RemoteWebDriver.java:599)
	at org.openqa.selenium.remote.RemoteWebDriver.findElement(RemoteWebDriver.java:352)
	at org.openqa.selenium.remote.RemoteWebDriver.findElementByLinkText(RemoteWebDriver.java:401)
	at org.openqa.selenium.By$ByLinkText.findElement(By.java:242)
	at org.openqa.selenium.remote.RemoteWebDriver.findElement(RemoteWebDriver.java:344)
	at org.openqa.selenium.support.pagefactory.DefaultElementLocator.findElement(DefaultElementLocator.java:59)
	at org.openqa.selenium.support.pagefactory.internal.LocatingElementHandler.invoke(LocatingElementHandler.java:37)
	at $Proxy10.click(Unknown Source)
	at net.intentmedia.internal.pizzaintent.pageobject.IntentPizzaAccountPageObject.clickOrderPizzaLink(IntentPizzaAccountPageObject.java:30)
	at net.intentmedia.internal.pizzaintent.tests.TestOrderPizza.OrderSummaryPizzaTest(TestOrderPizza.java:67)
	at sun.reflect.NativeMethodAccessorImpl.invoke0(Native Method)
	at sun.reflect.NativeMethodAccessorImpl.invoke(Unknown Source)
	at sun.reflect.DelegatingMethodAccessorImpl.invoke(Unknown Source)
	at java.lang.reflect.Method.invoke(Unknown Source)
	at org.testng.internal.MethodInvocationHelper.invokeMethod(MethodInvocationHelper.java:84)
	at org.testng.internal.Invoker.invokeMethod(Invoker.java:714)
	at org.testng.internal.Invoker.invokeTestMethod(Invoker.java:901)
	at org.testng.internal.Invoker.invokeTestMethods(Invoker.java:1231)
	at org.testng.internal.TestMethodWorker.invokeTestMethods(TestMethodWorker.java:127)
	at org.testng.internal.TestMethodWorker.run(TestMethodWorker.java:111)
	at org.testng.TestRunner.privateRun(TestRunner.java:767)
	at org.testng.TestRunner.run(TestRunner.java:617)
	at org.testng.SuiteRunner.runTest(SuiteRunner.java:334)
	at org.testng.SuiteRunner.access$000(SuiteRunner.java:37)
	at org.testng.SuiteRunner$SuiteWorker.run(SuiteRunner.java:368)
	at org.testng.internal.thread.ThreadUtil$2.call(ThreadUtil.java:64)
	at java.util.concurrent.FutureTask$Sync.innerRun(Unknown Source)
	at java.util.concurrent.FutureTask.run(Unknown Source)
	at java.util.concurrent.ThreadPoolExecutor$Worker.runTask(Unknown Source)
	at java.util.concurrent.ThreadPoolExecutor$Worker.run(Unknown Source)
	at java.lang.Thread.run(Unknown Source)
</div></td></tr></table><p class="totop"><a href="#summary">back to summary</a></p><h3 id="m7">net.intentmedia.internal.pizzaintent.tests.TestOrderPizza#AccountPageClickToOrderPizzaTest</h3><table class="result"></table><p class="totop"><a href="#summary">back to summary</a></p><h3 id="m8">net.intentmedia.internal.pizzaintent.tests.TestOrderPizza#LoginTest</h3><table class="result"></table><p class="totop"><a href="#summary">back to summary</a></p><h3 id="m9">net.intentmedia.internal.pizzaintent.tests.TestOrderPizza#NewPizzaOrderTest</h3><table class="result"></table><p class="totop"><a href="#summary">back to summary</a></p><h2>Test in FF</h2><h3 id="m10">net.intentmedia.internal.pizzaintent.tests.TestOrderPizza#AccountPageClickToOrderPizzaTest</h3><table class="result"></table><p class="totop"><a href="#summary">back to summary</a></p><h3 id="m11">net.intentmedia.internal.pizzaintent.tests.TestOrderPizza#LoginTest</h3><table class="result"></table><p class="totop"><a href="#summary">back to summary</a></p><h3 id="m12">net.intentmedia.internal.pizzaintent.tests.TestOrderPizza#NewPizzaOrderTest</h3><table class="result"></table><p class="totop"><a href="#summary">back to summary</a></p><h3 id="m13">net.intentmedia.internal.pizzaintent.tests.TestOrderPizza#OrderConfirmPizzaTest</h3><table class="result"></table><p class="totop"><a href="#summary">back to summary</a></p><h3 id="m14">net.intentmedia.internal.pizzaintent.tests.TestOrderPizza#OrderSummaryPizzaTest</h3><table class="result"></table><p class="totop"><a href="#summary">back to summary</a></p></body></html>